2014-07-20 18:18:53,309: main INFO  ivda.Configuration - Configuratio file: D:\workspace\sk.stuba.fiit.perconik.ivda\conf\configuration.xml
2014-07-20 18:18:53,481: main INFO  ivda.Configuration - *********** Configuration **************
<?xml version="1.0" encoding="UTF-8" standalone="yes"?>
<configuration>
    <uacaLink>http://perconik.fiit.stuba.sk/UserActivity/api</uacaLink>
</configuration>

2014-07-20 18:18:55,091: main ERROR server.UacaClient - UacaClient error
2014-07-20 18:18:55,123: main INFO  server.UacaClient - <!DOCTYPE html>
<html>
    <head>
        <title>The resource cannot be found.</title>
        <meta name="viewport" content="width=device-width" />
        <style>
         body {font-family:"Verdana";font-weight:normal;font-size: .7em;color:black;} 
         p {font-family:"Verdana";font-weight:normal;color:black;margin-top: -5px}
         b {font-family:"Verdana";font-weight:bold;color:black;margin-top: -5px}
         H1 { font-family:"Verdana";font-weight:normal;font-size:18pt;color:red }
         H2 { font-family:"Verdana";font-weight:normal;font-size:14pt;color:maroon }
         pre {font-family:"Consolas","Lucida Console",Monospace;font-size:11pt;margin:0;padding:0.5em;line-height:14pt}
         .marker {font-weight: bold; color: black;text-decoration: none;}
         .version {color: gray;}
         .error {margin-bottom: 10px;}
         .expandable { text-decoration:underline; font-weight:bold; color:navy; cursor:hand; }
         @media screen and (max-width: 639px) {
          pre { width: 440px; overflow: auto; white-space: pre-wrap; word-wrap: break-word; }
         }
         @media screen and (max-width: 479px) {
          pre { width: 280px; }
         }
        </style>
    </head>

    <body bgcolor="white">

            <span><H1>Server Error in '/UserActivity' Application.<hr width=100% size=1 color=silver></H1>

            <h2> <i>The resource cannot be found.</i> </h2></span>

            <font face="Arial, Helvetica, Geneva, SunSans-Regular, sans-serif ">

            <b> Description: </b>HTTP 404. The resource you are looking for (or one of its dependencies) could have been removed, had its name changed, or is temporarily unavailable. &nbsp;Please review the following URL and make sure that it is spelled correctly.
            <br><br>

            <b> Requested URL: </b>/UserActivity/api<br><br>

            <hr width=100% size=1 color=silver>

            <b>Version Information:</b>&nbsp;Microsoft .NET Framework Version:4.0.30319; ASP.NET Version:4.0.30319.18446

            </font>

    </body>
</html>
<!-- 
[HttpException]: The controller for path &#39;/UserActivity/api&#39; was not found or does not implement IController.
   at System.Web.Mvc.DefaultControllerFactory.GetControllerInstance(RequestContext requestContext, Type controllerType)
   at Gratex.PerConIK.Core.Mvc.CastleWindsorControllerFactory.GetControllerInstance(RequestContext requestContext, Type controllerType)
   at System.Web.Mvc.DefaultControllerFactory.CreateController(RequestContext requestContext, String controllerName)
   at System.Web.Mvc.MvcHandler.ProcessRequestInit(HttpContextBase httpContext, IController& controller, IControllerFactory& factory)
   at System.Web.Mvc.MvcHandler.BeginProcessRequest(HttpContextBase httpContext, AsyncCallback callback, Object state)
   at System.Web.Mvc.MvcHandler.BeginProcessRequest(HttpContext httpContext, AsyncCallback callback, Object state)
   at System.Web.Mvc.MvcHandler.System.Web.IHttpAsyncHandler.BeginProcessRequest(HttpContext context, AsyncCallback cb, Object extraData)
   at System.Web.HttpApplication.CallHandlerExecutionStep.System.Web.HttpApplication.IExecutionStep.Execute()
   at System.Web.HttpApplication.ExecuteStep(IExecutionStep step, Boolean& completedSynchronously)
--><!-- 
This error page might contain sensitive information because ASP.NET is configured to show verbose error messages using &lt;customErrors mode="Off"/&gt;. Consider using &lt;customErrors mode="On"/&gt; or &lt;customErrors mode="RemoteOnly"/&gt; in production environments.-->
2014-07-20 18:27:19,169: main INFO  ivda.Configuration - Configuratio file: D:\workspace\sk.stuba.fiit.perconik.ivda\conf\configuration.xml
2014-07-20 18:27:19,224: main INFO  ivda.Configuration - *********** Configuration **************
<?xml version="1.0" encoding="UTF-8" standalone="yes"?>
<configuration>
    <uacaLink>http://perconik.fiit.stuba.sk/UserActivity/api</uacaLink>
</configuration>

2014-07-20 18:29:19,596: main INFO  server.UacaClient - {"ResultSet":[{"EventId":"1b3647cb-43a7-4d63-8943-fe106c299a05","EventTypeUri":"http://perconik.gratex.com/useractivity/event/system/processeschangedsincechceck","Timestamp":"2014-07-20T11:13:42.847Z","User":"steltecia\\pzbell","Workstation":"city17","WasCommitForcedByUser":false,"StartedProcesses":[{"Name":"taskhost","Pid":4792}],"KilledProcesses":[{"Name":"SearchProtocolHost","Pid":4148},{"Name":"SearchFilterHost","Pid":4928},{"Name":"taskeng","Pid":1484},{"Name":"sppsvc","Pid":4176},{"Name":"SearchProtocolHost","Pid":4328}]},{"EventId":"3007fb5c-c8c2-44ff-8b69-c228991d85fc","EventTypeUri":"http://perconik.gratex.com/useractivity/event/system/processeschangedsincechceck","Timestamp":"2014-07-20T11:08:42.843Z","User":"steltecia\\pzbell","Workstation":"city17","WasCommitForcedByUser":false,"StartedProcesses":[{"Name":"svchost","Pid":4232},{"Name":"LMS","Pid":5008},{"Name":"daemonu","Pid":1300},{"Name":"svchost","Pid":408},{"Name":"UNS","Pid":5032},{"Name":"TOTALCMD","Pid":4912},{"Name":"SearchProtocolHost","Pid":4148},{"Name":"SUService","Pid":4408},{"Name":"SearchIndexer","Pid":4156},{"Name":"SearchFilterHost","Pid":4928},{"Name":"taskeng","Pid":1484},{"Name":"sppsvc","Pid":4176},{"Name":"MSOSYNC","Pid":4964},{"Name":"DZSVC64","Pid":2404},{"Name":"SearchProtocolHost","Pid":4328}],"KilledProcesses":[{"Name":"PIconStartup","Pid":3104},{"Name":"audiodg","Pid":1064},{"Name":"userinit","Pid":3372},{"Name":"reader_sl","Pid":4016},{"Name":"svchost","Pid":1976},{"Name":"Updater","Pid":2392},{"Name":"HyperW7Svc64","Pid":864},{"Name":"TOTALCMD","Pid":4320},{"Name":"igfxsrvc","Pid":3816},{"Name":"taskeng","Pid":1780}]},{"EventId":"911877c8-64d4-4984-843c-5a866625ca16","EventTypeUri":"http://perconik.gratex.com/useractivity/event/system/processeschangedsincechceck","Timestamp":"2014-07-20T11:03:42.792Z","User":"steltecia\\pzbell","Workstation":"city17","WasCommitForcedByUser":false,"StartedProcesses":[{"Name":"winlogon","Pid":768},{"Name":"svchost","Pid":512},{"Name":"System","Pid":4},{"Name":"PresentationFontCache","Pid":2052},{"Name":"lsass","Pid":648},{"Name":"btwdins","Pid":1800},{"Name":"RegSrvc","Pid":2312},{"Name":"WmiPrvSE","Pid":2568},{"Name":"rundll32","Pid":3848},{"Name":"svchost","Pid":1164},{"Name":"CamMute","Pid":2188},{"Name":"DLG","Pid":3980},{"Name":"lsm","Pid":656},{"Name":"TpScrex","Pid":2960},{"Name":"svchost","Pid":2452},{"Name":"svchost","Pid":1436},{"Name":"TPHKSVC","Pid":1696},{"Name":"CxAudMsg64","Pid":1824},{"Name":"hkcmd","Pid":3744},{"Name":"PIconStartup","Pid":3104},{"Name":"SynTPLpr","Pid":2976},{"Name":"svchost","Pid":804},{"Name":"nvvsvc","Pid":932},{"Name":"micmute","Pid":2212},{"Name":"nusb3mon","Pid":3108},{"Name":"audiodg","Pid":1064},{"Name":"WUDFHost","Pid":1324},{"Name":"userinit","Pid":3372},{"Name":"explorer","Pid":3500},{"Name":"igfxpers","Pid":3756},{"Name":"jusched","Pid":2988},{"Name":"EvtEng","Pid":1968},{"Name":"reader_sl","Pid":4016},{"Name":"SynTPHelper","Pid":3892},{"Name":"svchost","Pid":1976},{"Name":"WUDFHost","Pid":2872},{"Name":"TpKnrres","Pid":3768},{"Name":"TPKNRSVC","Pid":2236},{"Name":"smss","Pid":320},{"Name":"wininit","Pid":576},{"Name":"SASrv","Pid":2368},{"Name":"CTAudSvc","Pid":1092},{"Name":"armsvc","Pid":1732},{"Name":"rundll32","Pid":2756},{"Name":"dwm","Pid":3396},{"Name":"csrss","Pid":584},{"Name":"tphkload","Pid":1608},{"Name":"SynTPEnh","Pid":3656},{"Name":"rundll32","Pid":3784},{"Name":"NvXDSync","Pid":1228},{"Name":"svchost","Pid":976},{"Name":"lvvsst","Pid":2260},{"Name":"virtscrl","Pid":2772},{"Name":"csrss","Pid":472},{"Name":"svchost","Pid":2136},{"Name":"Updater","Pid":2392},{"Name":"svchost","Pid":476},{"Name":"svchost","Pid":2012},{"Name":"TpShocks","Pid":3676},{"Name":"HyperW7Svc64","Pid":864},{"Name":"nvvsvc","Pid":1248},{"Name":"unsecapp","Pid":2656},{"Name":"TOTALCMD","Pid":4320},{"Name":"svchost","Pid":356},{"Name":"wlanext","Pid":1636},{"Name":"fmapp","Pid":3684},{"Name":"BTTray","Pid":3940},{"Name":"java","Pid":4068},{"Name":"igfxsrvc","Pid":3816},{"Name":"rundll32","Pid":616},{"Name":"conhost","Pid":1644},{"Name":"conhost","Pid":4076},{"Name":"spoolsv","Pid":1904},{"Name":"jhi_service","Pid":2160},{"Name":"TPONSCR","Pid":2800},{"Name":"taskhost","Pid":3440},{"Name":"taskeng","Pid":1780},{"Name":"RCIMGDIR","Pid":4084},{"Name":"SCHTASK","Pid":3700},{"Name":"nvSCPAPISvr","Pid":2424},{"Name":"tpnumlkd","Pid":3064},{"Name":"rundll32","Pid":3448},{"Name":"services","Pid":636},{"Name":"ibmpmsvc","Pid":892},{"Name":"upeksvr","Pid":1532}],"KilledProcesses":[]},{"EventId":"ce1b8ebf-e64b-45db-9e40-04cfa6066010","EventTypeUri":"http://perconik.gratex.com/useractivity/event/system/monitoringstarted","Timestamp":"2014-07-20T11:03:42.465Z","User":"steltecia\\pzbell","Workstation":"city17","WasCommitForcedByUser":false,"SessionId":"67e990c7-2103-4444-b0f9-c7580fea53b4","AppName":"UACA","AppVersion":"2.0.6"},{"EventId":"2756c8ce-0d6f-415c-bafd-722ecfe05e75","EventTypeUri":"http://perconik.gratex.com/useractivity/event/system/processeschangedsincechceck","Timestamp":"2014-07-20T09:46:36.735Z","User":"steltecia\\pzbell","Workstation":"city17","WasCommitForcedByUser":false,"StartedProcesses":[],"KilledProcesses":[{"Name":"taskeng","Pid":5816}]},{"EventId":"6c586591-c7f1-40c0-8500-bd89588b95ca","EventTypeUri":"http://perconik.gratex.com/useractivity/event/system/processeschangedsincechceck","Timestamp":"2014-07-20T09:41:36.732Z","User":"steltecia\\pzbell","Workstation":"city17","WasCommitForcedByUser":false,"StartedProcesses":[{"Name":"taskeng","Pid":5816}],"KilledProcesses":[]},{"EventId":"405c8e47-bb48-4045-9ba8-2c51d7b1d1b1","EventTypeUri":"http://perconik.gratex.com/useractivity/event/system/processeschangedsincechceck","Timestamp":"2014-07-20T09:36:36.73Z","User":"steltecia\\pzbell","Workstation":"city17","WasCommitForcedByUser":false,"StartedProcesses":[],"KilledProcesses":[{"Name":"taskeng","Pid":5648}]},{"EventId":"a410d5c6-8be4-498e-8a72-ba6415d05a7c","EventTypeUri":"http://perconik.gratex.com/useractivity/event/system/processeschangedsincechceck","Timestamp":"2014-07-20T09:31:36.728Z","User":"steltecia\\pzbell","Workstation":"city17","WasCommitForcedByUser":false,"StartedProcesses":[{"Name":"taskeng","Pid":5648}],"KilledProcesses":[]},{"EventId":"523b8cd7-1e8a-4745-b785-a3f7ee9140d7","EventTypeUri":"http://perconik.gratex.com/useractivity/event/system/processeschangedsincechceck","Timestamp":"2014-07-20T09:26:36.725Z","User":"steltecia\\pzbell","Workstation":"city17","WasCommitForcedByUser":false,"StartedProcesses":[],"KilledProcesses":[{"Name":"taskeng","Pid":2736}]},{"EventId":"d14a7e42-4311-4908-9932-efe8d1940ce2","EventTypeUri":"http://perconik.gratex.com/useractivity/event/system/processeschangedsincechceck","Timestamp":"2014-07-20T09:21:36.722Z","User":"steltecia\\pzbell","Workstation":"city17","WasCommitForcedByUser":false,"StartedProcesses":[{"Name":"taskeng","Pid":2736}],"KilledProcesses":[]}],"PageIndex":1,"PageCnt":21118,"PageSize":10,"Links":[{"Rel":"previous","Href":"http://perconik.fiit.stuba.sk/UserActivity/api/useractivity?timefrom=2014-04-16T12:00Z&page=0&pagesize=10"},{"Rel":"next","Href":"http://perconik.fiit.stuba.sk/UserActivity/api/useractivity?timefrom=2014-04-16T12:00Z&page=2&pagesize=10"}]}
2014-07-20 18:31:19,767: main INFO  ivda.Configuration - Configuration file: D:\workspace\sk.stuba.fiit.perconik.ivda\conf\configuration.xml
2014-07-20 18:31:19,822: main INFO  ivda.Configuration - *********** Configuration **************
<?xml version="1.0" encoding="UTF-8" standalone="yes"?>
<configuration>
    <uacaLink>http://perconik.fiit.stuba.sk/UserActivity/api</uacaLink>
</configuration>

2014-07-20 18:35:18,173: main INFO  ivda.Configuration - Configuration file: D:\workspace\sk.stuba.fiit.perconik.ivda\conf\configuration.xml
2014-07-20 18:35:18,224: main INFO  ivda.Configuration - *********** Configuration **************
<?xml version="1.0" encoding="UTF-8" standalone="yes"?>
<configuration>
    <uacaLink>http://perconik.fiit.stuba.sk/UserActivity/api</uacaLink>
</configuration>

2014-07-20 18:40:10,856: main INFO  ivda.Configuration - Configuration file: D:\workspace\sk.stuba.fiit.perconik.ivda\conf\configuration.xml
2014-07-20 18:40:10,903: main INFO  ivda.Configuration - *********** Configuration **************
<?xml version="1.0" encoding="UTF-8" standalone="yes"?>
<configuration>
    <uacaLink>http://perconik.fiit.stuba.sk/UserActivity/api</uacaLink>
</configuration>

2014-07-20 18:48:31,068: main INFO  ivda.Configuration - Configuration file: D:\workspace\sk.stuba.fiit.perconik.ivda\conf\configuration.xml
2014-07-20 18:48:31,119: main INFO  ivda.Configuration - *********** Configuration **************
<?xml version="1.0" encoding="UTF-8" standalone="yes"?>
<configuration>
    <uacaLink>http://perconik.fiit.stuba.sk/UserActivity/api</uacaLink>
</configuration>

2014-07-20 18:49:06,264: main INFO  ivda.Configuration - Configuration file: D:\workspace\sk.stuba.fiit.perconik.ivda\conf\configuration.xml
2014-07-20 18:49:06,314: main INFO  ivda.Configuration - *********** Configuration **************
<?xml version="1.0" encoding="UTF-8" standalone="yes"?>
<configuration>
    <uacaLink>http://perconik.fiit.stuba.sk/UserActivity/api</uacaLink>
</configuration>

2014-07-20 18:52:10,971: main INFO  ivda.Configuration - Configuration file: D:\workspace\sk.stuba.fiit.perconik.ivda\conf\configuration.xml
2014-07-20 18:52:11,030: main INFO  ivda.Configuration - *********** Configuration **************
<?xml version="1.0" encoding="UTF-8" standalone="yes"?>
<configuration>
    <uacaLink>http://perconik.fiit.stuba.sk/UserActivity/api</uacaLink>
</configuration>

2014-07-20 18:59:54,977: main INFO  ivda.Configuration - Configuration file: D:\workspace\sk.stuba.fiit.perconik.ivda\conf\configuration.xml
2014-07-20 18:59:55,028: main INFO  ivda.Configuration - *********** Configuration **************
<?xml version="1.0" encoding="UTF-8" standalone="yes"?>
<configuration>
    <uacaLink>http://perconik.fiit.stuba.sk/UserActivity/api</uacaLink>
</configuration>

2014-07-20 19:02:10,701: main INFO  ivda.Configuration - Configuration file: D:\workspace\sk.stuba.fiit.perconik.ivda\conf\configuration.xml
2014-07-20 19:02:10,819: main INFO  ivda.Configuration - *********** Configuration **************
<?xml version="1.0" encoding="UTF-8" standalone="yes"?>
<configuration>
    <uacaLink>http://perconik.fiit.stuba.sk/UserActivity/api</uacaLink>
</configuration>

2014-07-20 19:08:20,776: main INFO  ivda.Configuration - Configuration file: D:\workspace\sk.stuba.fiit.perconik.ivda\conf\configuration.xml
2014-07-20 19:08:20,826: main INFO  ivda.Configuration - *********** Configuration **************
<?xml version="1.0" encoding="UTF-8" standalone="yes"?>
<configuration>
    <uacaLink>http://perconik.fiit.stuba.sk/UserActivity/api</uacaLink>
</configuration>

2014-07-20 19:10:02,030: main INFO  ivda.Configuration - Configuration file: D:\workspace\sk.stuba.fiit.perconik.ivda\conf\configuration.xml
2014-07-20 19:10:02,081: main INFO  ivda.Configuration - *********** Configuration **************
<?xml version="1.0" encoding="UTF-8" standalone="yes"?>
<configuration>
    <uacaLink>http://perconik.fiit.stuba.sk/UserActivity/api</uacaLink>
</configuration>

2014-07-20 19:22:21,783: main INFO  ivda.Configuration - Configuration file: D:\workspace\sk.stuba.fiit.perconik.ivda\conf\configuration.xml
2014-07-20 19:22:21,834: main INFO  ivda.Configuration - *********** Configuration **************
<?xml version="1.0" encoding="UTF-8" standalone="yes"?>
<configuration>
    <uacaLink>http://perconik.fiit.stuba.sk/UserActivity/api</uacaLink>
</configuration>

2014-07-20 19:27:45,331: main INFO  ivda.Configuration - Configuration file: D:\workspace\sk.stuba.fiit.perconik.ivda\conf\configuration.xml
2014-07-20 19:27:45,379: main INFO  ivda.Configuration - *********** Configuration **************
<?xml version="1.0" encoding="UTF-8" standalone="yes"?>
<configuration>
    <uacaLink>http://perconik.fiit.stuba.sk/UserActivity/api</uacaLink>
</configuration>

2014-07-20 19:29:35,613: main INFO  ivda.Configuration - Configuration file: D:\workspace\sk.stuba.fiit.perconik.ivda\conf\configuration.xml
2014-07-20 19:29:35,664: main INFO  ivda.Configuration - *********** Configuration **************
<?xml version="1.0" encoding="UTF-8" standalone="yes"?>
<configuration>
    <uacaLink>http://perconik.fiit.stuba.sk/UserActivity/api</uacaLink>
</configuration>

2014-07-20 19:31:33,479: main INFO  ivda.Configuration - Configuration file: D:\workspace\sk.stuba.fiit.perconik.ivda\conf\configuration.xml
2014-07-20 19:31:33,532: main INFO  ivda.Configuration - *********** Configuration **************
<?xml version="1.0" encoding="UTF-8" standalone="yes"?>
<configuration>
    <uacaLink>http://perconik.fiit.stuba.sk/UserActivity/api</uacaLink>
</configuration>

2014-07-20 19:37:08,494: main INFO  ivda.Configuration - Configuration file: D:\workspace\sk.stuba.fiit.perconik.ivda\conf\configuration.xml
2014-07-20 19:37:08,542: main INFO  ivda.Configuration - *********** Configuration **************
<?xml version="1.0" encoding="UTF-8" standalone="yes"?>
<configuration>
    <uacaLink>http://perconik.fiit.stuba.sk/UserActivity/api</uacaLink>
</configuration>

2014-07-20 19:48:13,050: main INFO  ivda.Configuration - Configuration file: D:\workspace\sk.stuba.fiit.perconik.ivda\conf\configuration.xml
2014-07-20 19:48:13,167: main INFO  ivda.Configuration - *********** Configuration **************
<?xml version="1.0" encoding="UTF-8" standalone="yes"?>
<configuration>
    <uacaLink>http://perconik.fiit.stuba.sk/UserActivity/api</uacaLink>
</configuration>

2014-07-20 23:19:16,917: main INFO  ivda.Configuration - Configuration file: D:\workspace\sk.stuba.fiit.perconik.ivda\conf\configuration.xml
2014-07-20 23:19:17,081: main INFO  ivda.Configuration - *********** Configuration **************
<?xml version="1.0" encoding="UTF-8" standalone="yes"?>
<configuration>
    <uacaLink>http://perconik.fiit.stuba.sk/UserActivity/api</uacaLink>
</configuration>

2014-07-20 23:20:31,921: main INFO  ivda.Configuration - Configuration file: D:\workspace\sk.stuba.fiit.perconik.ivda\conf\configuration.xml
2014-07-20 23:20:31,977: main INFO  ivda.Configuration - *********** Configuration **************
<?xml version="1.0" encoding="UTF-8" standalone="yes"?>
<configuration>
    <uacaLink>http://perconik.fiit.stuba.sk/UserActivity/api</uacaLink>
</configuration>

2014-07-20 23:39:05,364: main INFO  ivda.Configuration - Configuration file: D:\workspace\sk.stuba.fiit.perconik.ivda\conf\configuration.xml
2014-07-20 23:39:05,411: main INFO  ivda.Configuration - *********** Configuration **************
<?xml version="1.0" encoding="UTF-8" standalone="yes"?>
<configuration>
    <uacaLink>http://perconik.fiit.stuba.sk/UserActivity/api</uacaLink>
</configuration>

2014-07-20 23:39:30,993: main INFO  ivda.Configuration - Configuration file: D:\workspace\sk.stuba.fiit.perconik.ivda\conf\configuration.xml
2014-07-20 23:39:31,044: main INFO  ivda.Configuration - *********** Configuration **************
<?xml version="1.0" encoding="UTF-8" standalone="yes"?>
<configuration>
    <uacaLink>http://perconik.fiit.stuba.sk/UserActivity/api</uacaLink>
</configuration>

2014-07-20 23:40:20,160: main INFO  ivda.Configuration - Configuration file: D:\workspace\sk.stuba.fiit.perconik.ivda\conf\configuration.xml
2014-07-20 23:40:20,215: main INFO  ivda.Configuration - *********** Configuration **************
<?xml version="1.0" encoding="UTF-8" standalone="yes"?>
<configuration>
    <uacaLink>http://perconik.fiit.stuba.sk/UserActivity/api</uacaLink>
</configuration>

2014-07-20 23:41:33,644: main INFO  ivda.Configuration - Configuration file: D:\workspace\sk.stuba.fiit.perconik.ivda\conf\configuration.xml
2014-07-20 23:41:33,700: main INFO  ivda.Configuration - *********** Configuration **************
<?xml version="1.0" encoding="UTF-8" standalone="yes"?>
<configuration>
    <uacaLink>http://perconik.fiit.stuba.sk/UserActivity/api</uacaLink>
</configuration>

2014-07-20 23:42:55,762: main INFO  ivda.Configuration - Configuration file: D:\workspace\sk.stuba.fiit.perconik.ivda\conf\configuration.xml
2014-07-20 23:42:55,823: main INFO  ivda.Configuration - *********** Configuration **************
<?xml version="1.0" encoding="UTF-8" standalone="yes"?>
<configuration>
    <uacaLink>http://perconik.fiit.stuba.sk/UserActivity/api</uacaLink>
</configuration>

2014-07-20 23:43:25,693: main INFO  ivda.Configuration - Configuration file: D:\workspace\sk.stuba.fiit.perconik.ivda\conf\configuration.xml
2014-07-20 23:43:25,761: main INFO  ivda.Configuration - *********** Configuration **************
<?xml version="1.0" encoding="UTF-8" standalone="yes"?>
<configuration>
    <uacaLink>http://perconik.fiit.stuba.sk/UserActivity/api</uacaLink>
</configuration>

2014-07-20 23:43:57,071: main INFO  ivda.Configuration - Configuration file: D:\workspace\sk.stuba.fiit.perconik.ivda\conf\configuration.xml
2014-07-20 23:43:57,125: main INFO  ivda.Configuration - *********** Configuration **************
<?xml version="1.0" encoding="UTF-8" standalone="yes"?>
<configuration>
    <uacaLink>http://perconik.fiit.stuba.sk/UserActivity/api</uacaLink>
</configuration>

2014-07-20 23:45:20,448: main INFO  ivda.Configuration - Configuration file: D:\workspace\sk.stuba.fiit.perconik.ivda\conf\configuration.xml
2014-07-20 23:45:20,529: main INFO  ivda.Configuration - *********** Configuration **************
<?xml version="1.0" encoding="UTF-8" standalone="yes"?>
<configuration>
    <uacaLink>http://perconik.fiit.stuba.sk/UserActivity/api</uacaLink>
</configuration>

2014-07-20 23:52:05,581: main INFO  ivda.Configuration - Configuration file: D:\workspace\sk.stuba.fiit.perconik.ivda\conf\configuration.xml
2014-07-20 23:52:05,635: main INFO  ivda.Configuration - *********** Configuration **************
<?xml version="1.0" encoding="UTF-8" standalone="yes"?>
<configuration>
    <uacaLink>http://perconik.fiit.stuba.sk/UserActivity/api</uacaLink>
</configuration>

2014-07-20 23:58:23,703: main INFO  ivda.Configuration - Configuration file: D:\workspace\sk.stuba.fiit.perconik.ivda\conf\configuration.xml
2014-07-20 23:58:23,772: main INFO  ivda.Configuration - *********** Configuration **************
<?xml version="1.0" encoding="UTF-8" standalone="yes"?>
<configuration>
    <uacaLink>http://perconik.fiit.stuba.sk/UserActivity/api</uacaLink>
</configuration>

2014-07-20 23:58:25,314: main INFO  server.UacaClient - {"ResultSet":[{"EventId":"70a9a661-3935-41df-b7c5-0e0843d896ee","EventTypeUri":"http://perconik.gratex.com/useractivity/event/system/processeschangedsincechceck","Timestamp":"2014-07-20T20:54:45.804Z","User":"steltecia\\krastocny","Workstation":"karras-pc","WasCommitForcedByUser":false,"StartedProcesses":[{"Name":"SearchFilterHost","Pid":12712}],"KilledProcesses":[{"Name":"SearchFilterHost","Pid":12680}]},{"EventId":"93d66a57-e647-4906-b8e0-a07f9ea3cce4","EventTypeUri":"http://perconik.gratex.com/useractivity/event/system/processeschangedsincechceck","Timestamp":"2014-07-20T20:49:45.767Z","User":"steltecia\\krastocny","Workstation":"karras-pc","WasCommitForcedByUser":false,"StartedProcesses":[{"Name":"SearchFilterHost","Pid":12680}],"KilledProcesses":[{"Name":"SearchFilterHost","Pid":3604},{"Name":"svchost","Pid":10388}]},{"EventId":"93a6761d-d33a-4eaf-92e5-78910c16ac84","EventTypeUri":"http://perconik.gratex.com/useractivity/event/system/processeschangedsincechceck","Timestamp":"2014-07-20T20:44:45.756Z","User":"steltecia\\krastocny","Workstation":"karras-pc","WasCommitForcedByUser":false,"StartedProcesses":[{"Name":"SearchFilterHost","Pid":3604}],"KilledProcesses":[{"Name":"SearchFilterHost","Pid":2888},{"Name":"SearchFilterHost","Pid":5748},{"Name":"SearchProtocolHost","Pid":12712}]},{"EventId":"5977dd22-6461-4b04-a9eb-9089ccc0ceb1","EventTypeUri":"http://perconik.gratex.com/useractivity/event/system/processeschangedsincechceck","Timestamp":"2014-07-20T20:39:45.748Z","User":"steltecia\\krastocny","Workstation":"karras-pc","WasCommitForcedByUser":false,"StartedProcesses":[{"Name":"livecomm","Pid":4932},{"Name":"SearchFilterHost","Pid":2888},{"Name":"svchost","Pid":10388},{"Name":"SearchProtocolHost","Pid":12712},{"Name":"SearchProtocolHost","Pid":12496}],"KilledProcesses":[{"Name":"opera","Pid":10708},{"Name":"svchost","Pid":6104}]},{"EventId":"8749394c-27cc-4a24-b0b8-8ecfaba5687e","EventTypeUri":"http://perconik.gratex.com/useractivity/event/web/tab/switchto","Timestamp":"2014-07-20T20:35:41.617Z","User":"steltecia\\krastocny","Workstation":"karras-pc","WasCommitForcedByUser":false,"SessionId":"15","AppName":"Chrome","AppVersion":"35.0.1916.153","Url":"about:blank","TabId":"318"},{"EventId":"e9afd72d-a8a4-4505-86fe-45e9d3ee4b41","EventTypeUri":"http://perconik.gratex.com/useractivity/event/web/tab/open","Timestamp":"2014-07-20T20:35:41.615Z","User":"steltecia\\krastocny","Workstation":"karras-pc","WasCommitForcedByUser":false,"SessionId":"15","AppName":"Chrome","AppVersion":"35.0.1916.153","Url":"opera://startpage/#speeddial","TabId":"318"},{"EventId":"83e718cd-f842-472e-9cd4-3c54cf16bb61","EventTypeUri":"http://perconik.gratex.com/useractivity/event/web/tab/close","Timestamp":"2014-07-20T20:35:40.545Z","User":"steltecia\\krastocny","Workstation":"karras-pc","WasCommitForcedByUser":false,"SessionId":"15","AppName":"Chrome","AppVersion":"35.0.1916.153","Url":"https://www.facebook.com/photo.php?fbid=840205715990581&set=pcb.840206912657128&type=1&theater","TabId":"300"},{"EventId":"8d3ee8b1-02eb-4eb7-9f4e-a9dde9656d73","EventTypeUri":"http://perconik.gratex.com/useractivity/event/web/tab/switchto","Timestamp":"2014-07-20T20:35:40.543Z","User":"steltecia\\krastocny","Workstation":"karras-pc","WasCommitForcedByUser":false,"SessionId":"15","AppName":"Chrome","AppVersion":"35.0.1916.153","Url":"http://www.cerstvakava.cz/clanky/jak-spravne-pripravit-frappe/?utm_source=Kaf%C3%A9noviny&utm_campaign=862010ff6b-00088-letni-cteni-mimo-prahu-2014-07-18&utm_medium=email&utm_term=0_b8e5c90a6f-862010ff6b-72851293","TabId":"315"},{"EventId":"0b7b44b6-997d-4aca-ae66-2e3fcb86c1b2","EventTypeUri":"http://perconik.gratex.com/useractivity/event/web/navigate","Timestamp":"2014-07-20T20:35:36.666Z","User":"steltecia\\krastocny","Workstation":"karras-pc","WasCommitForcedByUser":false,"SessionId":"15","AppName":"Chrome","AppVersion":"35.0.1916.153","Url":"https://www.facebook.com/photo.php?fbid=840205715990581&set=pcb.840206912657128&type=1&theater","TabId":"300","TransitionTypeUri":"http://perconik.gratex.com/useractivity/enum/webnavigateevent/transitiontype#bylink"},{"EventId":"13d45646-cfe1-47e9-9633-b668d315d9f9","EventTypeUri":"http://perconik.gratex.com/useractivity/event/web/navigate","Timestamp":"2014-07-20T20:35:34.586Z","User":"steltecia\\krastocny","Workstation":"karras-pc","WasCommitForcedByUser":false,"SessionId":"15","AppName":"Chrome","AppVersion":"35.0.1916.153","Url":"https://www.facebook.com/photo.php?fbid=840205592657260&set=pcb.840206912657128&type=1&theater","TabId":"300","TransitionTypeUri":"http://perconik.gratex.com/useractivity/enum/webnavigateevent/transitiontype#bylink"}],"PageIndex":1,"PageCnt":21121,"PageSize":10,"Links":[{"Rel":"previous","Href":"http://perconik.fiit.stuba.sk/UserActivity/api/useractivity?timefrom=2014-04-16T12:00Z&page=0&pagesize=10"},{"Rel":"next","Href":"http://perconik.fiit.stuba.sk/UserActivity/api/useractivity?timefrom=2014-04-16T12:00Z&page=2&pagesize=10"}]}
2014-07-20 23:59:21,661: main INFO  ivda.Configuration - Configuration file: D:\workspace\sk.stuba.fiit.perconik.ivda\conf\configuration.xml
2014-07-20 23:59:21,714: main INFO  ivda.Configuration - *********** Configuration **************
<?xml version="1.0" encoding="UTF-8" standalone="yes"?>
<configuration>
    <uacaLink>http://perconik.fiit.stuba.sk/UserActivity/api</uacaLink>
</configuration>

2014-07-21 00:01:46,797: main INFO  ivda.Configuration - Configuration file: D:\workspace\sk.stuba.fiit.perconik.ivda\conf\configuration.xml
2014-07-21 00:01:46,864: main INFO  ivda.Configuration - *********** Configuration **************
<?xml version="1.0" encoding="UTF-8" standalone="yes"?>
<configuration>
    <uacaLink>http://perconik.fiit.stuba.sk/UserActivity/api</uacaLink>
</configuration>

2014-07-21 00:15:38,363: main INFO  ivda.Configuration - Configuration file: D:\workspace\sk.stuba.fiit.perconik.ivda\conf\configuration.xml
2014-07-21 00:15:38,423: main INFO  ivda.Configuration - *********** Configuration **************
<?xml version="1.0" encoding="UTF-8" standalone="yes"?>
<configuration>
    <uacaLink>http://perconik.fiit.stuba.sk/UserActivity/api</uacaLink>
</configuration>

2014-07-21 00:18:42,900: main INFO  ivda.Configuration - Configuration file: D:\workspace\sk.stuba.fiit.perconik.ivda\conf\configuration.xml
2014-07-21 00:18:42,959: main INFO  ivda.Configuration - *********** Configuration **************
<?xml version="1.0" encoding="UTF-8" standalone="yes"?>
<configuration>
    <uacaLink>http://perconik.fiit.stuba.sk/UserActivity/api</uacaLink>
</configuration>

2014-07-21 00:19:21,533: main INFO  ivda.Configuration - Configuration file: D:\workspace\sk.stuba.fiit.perconik.ivda\conf\configuration.xml
2014-07-21 00:19:21,582: main INFO  ivda.Configuration - *********** Configuration **************
<?xml version="1.0" encoding="UTF-8" standalone="yes"?>
<configuration>
    <uacaLink>http://perconik.fiit.stuba.sk/UserActivity/api</uacaLink>
</configuration>

2014-07-21 00:19:51,183: main INFO  ivda.Configuration - Configuration file: D:\workspace\sk.stuba.fiit.perconik.ivda\conf\configuration.xml
2014-07-21 00:19:51,234: main INFO  ivda.Configuration - *********** Configuration **************
<?xml version="1.0" encoding="UTF-8" standalone="yes"?>
<configuration>
    <uacaLink>http://perconik.fiit.stuba.sk/UserActivity/api</uacaLink>
</configuration>

2014-07-21 00:49:18,217: main INFO  ivda.Configuration - Configuration file: D:\workspace\sk.stuba.fiit.perconik.ivda\conf\configuration.xml
2014-07-21 00:49:18,279: main INFO  ivda.Configuration - *********** Configuration **************
<?xml version="1.0" encoding="UTF-8" standalone="yes"?>
<configuration>
    <uacaLink>http://perconik.fiit.stuba.sk/UserActivity/api</uacaLink>
</configuration>

2014-07-21 00:50:13,584: main INFO  ivda.Configuration - Configuration file: D:\workspace\sk.stuba.fiit.perconik.ivda\conf\configuration.xml
2014-07-21 00:50:13,634: main INFO  ivda.Configuration - *********** Configuration **************
<?xml version="1.0" encoding="UTF-8" standalone="yes"?>
<configuration>
    <uacaLink>http://perconik.fiit.stuba.sk/UserActivity/api</uacaLink>
</configuration>

2014-07-21 00:59:46,201: main INFO  ivda.Configuration - Configuration file: D:\workspace\sk.stuba.fiit.perconik.ivda\conf\configuration.xml
2014-07-21 00:59:46,273: main INFO  ivda.Configuration - *********** Configuration **************
<?xml version="1.0" encoding="UTF-8" standalone="yes"?>
<configuration>
    <uacaLink>http://perconik.fiit.stuba.sk/UserActivity/api</uacaLink>
</configuration>

2014-07-21 01:19:57,618: main INFO  ivda.Configuration - Configuration file: D:\workspace\sk.stuba.fiit.perconik.ivda\conf\configuration.xml
2014-07-21 01:19:57,673: main INFO  ivda.Configuration - *********** Configuration **************
<?xml version="1.0" encoding="UTF-8" standalone="yes"?>
<configuration>
    <uacaLink>http://perconik.fiit.stuba.sk/UserActivity/api</uacaLink>
</configuration>

2014-07-21 02:29:23,792: main INFO  ivda.Configuration - Configuration file: D:\workspace\sk.stuba.fiit.perconik.ivda\conf\configuration.xml
2014-07-21 02:29:23,908: main INFO  ivda.Configuration - *********** Configuration **************
<?xml version="1.0" encoding="UTF-8" standalone="yes"?>
<configuration>
    <uacaLink>http://perconik.fiit.stuba.sk/UserActivity/api</uacaLink>
</configuration>

2014-07-21 02:29:28,267: main INFO  deserializers.PolymorhicDeserializer - Cannot find class for key 'http://perconik.gratex.com/useractivity/event/web/tab/switchto', trying longest subsequnce.
2014-07-21 02:29:28,267: main INFO  deserializers.PolymorhicDeserializer - Finded longest subsequnce for 'http://perconik.gratex.com/useractivity/event/web/tab/switchto' as 'http://perconik.gratex.com/useractivity/event'. Registering class 'com.gratex.perconik.useractivity.app.dto.ApplicationEventDto
2014-07-21 02:31:37,000: main INFO  ivda.Configuration - Configuration file: D:\workspace\sk.stuba.fiit.perconik.ivda\conf\configuration.xml
2014-07-21 02:31:37,051: main INFO  ivda.Configuration - *********** Configuration **************
<?xml version="1.0" encoding="UTF-8" standalone="yes"?>
<configuration>
    <uacaLink>http://perconik.fiit.stuba.sk/UserActivity/api</uacaLink>
</configuration>

2014-07-21 02:31:39,170: main INFO  deserializers.PolymorhicDeserializer - Cannot find class for key 'http://perconik.gratex.com/useractivity/event/web/tab/switchto', trying longest subsequnce.
2014-07-21 02:31:39,170: main INFO  deserializers.PolymorhicDeserializer - Finded longest subsequnce for 'http://perconik.gratex.com/useractivity/event/web/tab/switchto' as 'http://perconik.gratex.com/useractivity/event/web/tab'. Registering class 'com.gratex.perconik.useractivity.app.dto.web.WebTabEventDto
2014-07-21 02:31:39,179: main INFO  deserializers.PolymorhicDeserializer - Cannot find class for key 'http://perconik.gratex.com/useractivity/event/web/tab/open', trying longest subsequnce.
2014-07-21 02:31:39,179: main INFO  deserializers.PolymorhicDeserializer - Finded longest subsequnce for 'http://perconik.gratex.com/useractivity/event/web/tab/open' as 'http://perconik.gratex.com/useractivity/event/web/tab'. Registering class 'com.gratex.perconik.useractivity.app.dto.web.WebTabEventDto
2014-07-21 02:31:39,180: main INFO  deserializers.PolymorhicDeserializer - Cannot find class for key 'http://perconik.gratex.com/useractivity/event/web/tab/close', trying longest subsequnce.
2014-07-21 02:31:39,180: main INFO  deserializers.PolymorhicDeserializer - Finded longest subsequnce for 'http://perconik.gratex.com/useractivity/event/web/tab/close' as 'http://perconik.gratex.com/useractivity/event/web/tab'. Registering class 'com.gratex.perconik.useractivity.app.dto.web.WebTabEventDto
2014-07-21 02:33:40,433: main INFO  ivda.Configuration - Configuration file: D:\workspace\sk.stuba.fiit.perconik.ivda\conf\configuration.xml
2014-07-21 02:33:40,483: main INFO  ivda.Configuration - *********** Configuration **************
<?xml version="1.0" encoding="UTF-8" standalone="yes"?>
<configuration>
    <uacaLink>http://perconik.fiit.stuba.sk/UserActivity/api</uacaLink>
</configuration>

2014-07-21 02:33:42,611: main INFO  deserializers.PolymorhicDeserializer - Cannot find class for key 'http://perconik.gratex.com/useractivity/event/web/tab/switchto', trying longest subsequnce.
2014-07-21 02:33:42,611: main INFO  deserializers.PolymorhicDeserializer - Finded longest subsequnce for 'http://perconik.gratex.com/useractivity/event/web/tab/switchto' as 'http://perconik.gratex.com/useractivity/event/web/tab'. Registering class 'com.gratex.perconik.useractivity.app.dto.web.WebTabEventDto
2014-07-21 02:33:42,619: main INFO  deserializers.PolymorhicDeserializer - Cannot find class for key 'http://perconik.gratex.com/useractivity/event/web/tab/open', trying longest subsequnce.
2014-07-21 02:33:42,620: main INFO  deserializers.PolymorhicDeserializer - Finded longest subsequnce for 'http://perconik.gratex.com/useractivity/event/web/tab/open' as 'http://perconik.gratex.com/useractivity/event/web/tab'. Registering class 'com.gratex.perconik.useractivity.app.dto.web.WebTabEventDto
2014-07-21 02:33:42,621: main INFO  deserializers.PolymorhicDeserializer - Cannot find class for key 'http://perconik.gratex.com/useractivity/event/web/tab/close', trying longest subsequnce.
2014-07-21 02:33:42,621: main INFO  deserializers.PolymorhicDeserializer - Finded longest subsequnce for 'http://perconik.gratex.com/useractivity/event/web/tab/close' as 'http://perconik.gratex.com/useractivity/event/web/tab'. Registering class 'com.gratex.perconik.useractivity.app.dto.web.WebTabEventDto
